Info: Starting: Create block symbol file (.bsf)
Info: qsys-generate C:\altera_lite\16.0\BPROJECT\sopc.qsys --block-symbol-file --output-directory=C:\altera_lite\16.0\BPROJECT\sopc --family="Cyclone IV E" --part=EP4CE30F23C7
Progress: Loading BPROJECT/sopc.qsys
Progress: Reading input file
Progress: Adding CPU [altera_nios2_gen2 16.0]
Progress: Parameterizing module CPU
Progress: Adding LEDs [altera_avalon_pio 16.0]
Progress: Parameterizing module LEDs
Progress: Adding PLL [altpll 16.0]
Progress: Parameterizing module PLL
Progress: Adding SDRAM_controller [altera_avalon_new_sdram_controller 16.0]
Progress: Parameterizing module SDRAM_controller
Progress: Adding clk_0 [clock_source 16.0]
Progress: Parameterizing module clk_0
Progress: Adding jtag_uart [altera_avalon_jtag_uart 16.0]
Progress: Parameterizing module jtag_uart
Progress: Adding sysid [altera_avalon_sysid_qsys 16.0]
Progress: Parameterizing module sysid
Progress: Building connections
Progress: Parameterizing connections
Progress: Validating
Progress: Done reading input file
Info: sopc.jtag_uart: JTAG UART IP input clock need to be at least double (2x) the operating frequency of JTAG TCK on board
Info: sopc.sysid: System ID is not assigned automatically. Edit the System ID parameter to provide a unique ID
Info: sopc.sysid: Time stamp will be automatically updated when this component is generated.
Info: qsys-generate succeeded.
Info: Finished: Create block symbol file (.bsf)
Info: 
Info: Starting: Create HDL design files for synthesis
Info: qsys-generate C:\altera_lite\16.0\BPROJECT\sopc.qsys --synthesis=VHDL --output-directory=C:\altera_lite\16.0\BPROJECT\sopc\synthesis --family="Cyclone IV E" --part=EP4CE30F23C7
Progress: Loading BPROJECT/sopc.qsys
Progress: Reading input file
Progress: Adding CPU [altera_nios2_gen2 16.0]
Progress: Parameterizing module CPU
Progress: Adding LEDs [altera_avalon_pio 16.0]
Progress: Parameterizing module LEDs
Progress: Adding PLL [altpll 16.0]
Progress: Parameterizing module PLL
Progress: Adding SDRAM_controller [altera_avalon_new_sdram_controller 16.0]
Progress: Parameterizing module SDRAM_controller
Progress: Adding clk_0 [clock_source 16.0]
Progress: Parameterizing module clk_0
Progress: Adding jtag_uart [altera_avalon_jtag_uart 16.0]
Progress: Parameterizing module jtag_uart
Progress: Adding sysid [altera_avalon_sysid_qsys 16.0]
Progress: Parameterizing module sysid
Progress: Building connections
Progress: Parameterizing connections
Progress: Validating
Progress: Done reading input file
Info: sopc.jtag_uart: JTAG UART IP input clock need to be at least double (2x) the operating frequency of JTAG TCK on board
Info: sopc.sysid: System ID is not assigned automatically. Edit the System ID parameter to provide a unique ID
Info: sopc.sysid: Time stamp will be automatically updated when this component is generated.
Info: sopc: Generating sopc "sopc" for QUARTUS_SYNTH
Info: Inserting clock-crossing logic between cmd_demux.src3 and cmd_mux_003.sink0
Info: Inserting clock-crossing logic between rsp_demux_003.src0 and rsp_mux.sink3
Info: CPU: "sopc" instantiated altera_nios2_gen2 "CPU"
Info: LEDs: Starting RTL generation for module 'sopc_LEDs'
Info: LEDs:   Generation command is [exec C:/altera_lite/16.0/quartus/bin64/perl/bin/perl.exe -I C:/altera_lite/16.0/quartus/bin64/perl/lib -I C:/altera_lite/16.0/quartus/sopc_builder/bin/europa -I C:/altera_lite/16.0/quartus/sopc_builder/bin/perl_lib -I C:/altera_lite/16.0/quartus/sopc_builder/bin -I C:/altera_lite/16.0/quartus/../ip/altera/sopc_builder_ip/common -I C:/altera_lite/16.0/quartus/../ip/altera/sopc_builder_ip/altera_avalon_pio -- C:/altera_lite/16.0/quartus/../ip/altera/sopc_builder_ip/altera_avalon_pio/generate_rtl.pl --name=sopc_LEDs --dir=C:/Users/ELIZAB~1/AppData/Local/Temp/alt7074_2354555439035727132.dir/0001_LEDs_gen/ --quartus_dir=C:/altera_lite/16.0/quartus --verilog --config=C:/Users/ELIZAB~1/AppData/Local/Temp/alt7074_2354555439035727132.dir/0001_LEDs_gen//sopc_LEDs_component_configuration.pl  --do_build_sim=0  ]
Info: LEDs: Done RTL generation for module 'sopc_LEDs'
Info: LEDs: "sopc" instantiated altera_avalon_pio "LEDs"
Info: PLL: "sopc" instantiated altpll "PLL"
Info: SDRAM_controller: Starting RTL generation for module 'sopc_SDRAM_controller'
Info: SDRAM_controller:   Generation command is [exec C:/altera_lite/16.0/quartus/bin64/perl/bin/perl.exe -I C:/altera_lite/16.0/quartus/bin64/perl/lib -I C:/altera_lite/16.0/quartus/sopc_builder/bin/europa -I C:/altera_lite/16.0/quartus/sopc_builder/bin/perl_lib -I C:/altera_lite/16.0/quartus/sopc_builder/bin -I C:/altera_lite/16.0/quartus/../ip/altera/sopc_builder_ip/common -I C:/altera_lite/16.0/quartus/../ip/altera/sopc_builder_ip/altera_avalon_new_sdram_controller -- C:/altera_lite/16.0/quartus/../ip/altera/sopc_builder_ip/altera_avalon_new_sdram_controller/generate_rtl.pl --name=sopc_SDRAM_controller --dir=C:/Users/ELIZAB~1/AppData/Local/Temp/alt7074_2354555439035727132.dir/0004_SDRAM_controller_gen/ --quartus_dir=C:/altera_lite/16.0/quartus --verilog --config=C:/Users/ELIZAB~1/AppData/Local/Temp/alt7074_2354555439035727132.dir/0004_SDRAM_controller_gen//sopc_SDRAM_controller_component_configuration.pl  --do_build_sim=0  ]
Info: SDRAM_controller: Done RTL generation for module 'sopc_SDRAM_controller'
Info: SDRAM_controller: "sopc" instantiated altera_avalon_new_sdram_controller "SDRAM_controller"
Info: jtag_uart: Starting RTL generation for module 'sopc_jtag_uart'
Info: jtag_uart:   Generation command is [exec C:/altera_lite/16.0/quartus/bin64/perl/bin/perl.exe -I C:/altera_lite/16.0/quartus/bin64/perl/lib -I C:/altera_lite/16.0/quartus/sopc_builder/bin/europa -I C:/altera_lite/16.0/quartus/sopc_builder/bin/perl_lib -I C:/altera_lite/16.0/quartus/sopc_builder/bin -I C:/altera_lite/16.0/quartus/../ip/altera/sopc_builder_ip/common -I C:/altera_lite/16.0/quartus/../ip/altera/sopc_builder_ip/altera_avalon_jtag_uart -- C:/altera_lite/16.0/quartus/../ip/altera/sopc_builder_ip/altera_avalon_jtag_uart/generate_rtl.pl --name=sopc_jtag_uart --dir=C:/Users/ELIZAB~1/AppData/Local/Temp/alt7074_2354555439035727132.dir/0005_jtag_uart_gen/ --quartus_dir=C:/altera_lite/16.0/quartus --verilog --config=C:/Users/ELIZAB~1/AppData/Local/Temp/alt7074_2354555439035727132.dir/0005_jtag_uart_gen//sopc_jtag_uart_component_configuration.pl  --do_build_sim=0  ]
Info: jtag_uart: Done RTL generation for module 'sopc_jtag_uart'
Info: jtag_uart: "sopc" instantiated altera_avalon_jtag_uart "jtag_uart"
Info: sysid: "sopc" instantiated altera_avalon_sysid_qsys "sysid"
Info: avalon_st_adapter: Inserting error_adapter: error_adapter_0
Info: avalon_st_adapter_001: Inserting error_adapter: error_adapter_0
Info: avalon_st_adapter_002: Inserting error_adapter: error_adapter_0
Info: avalon_st_adapter_003: Inserting error_adapter: error_adapter_0
Info: avalon_st_adapter_004: Inserting error_adapter: error_adapter_0
Info: avalon_st_adapter_005: Inserting error_adapter: error_adapter_0
Info: mm_interconnect_0: "sopc" instantiated altera_mm_interconnect "mm_interconnect_0"
Info: irq_mapper: "sopc" instantiated altera_irq_mapper "irq_mapper"
Info: rst_controller: "sopc" instantiated altera_reset_controller "rst_controller"
Info: cpu: Starting RTL generation for module 'sopc_CPU_cpu'
Info: cpu:   Generation command is [exec C:/altera_lite/16.0/quartus/bin64//eperlcmd.exe -I C:/altera_lite/16.0/quartus/bin64//perl/lib -I C:/altera_lite/16.0/quartus/sopc_builder/bin/europa -I C:/altera_lite/16.0/quartus/sopc_builder/bin/perl_lib -I C:/altera_lite/16.0/quartus/sopc_builder/bin -I C:/altera_lite/16.0/quartus/../ip/altera/nios2_ip/altera_nios2_gen2/cpu_lib -I C:/altera_lite/16.0/quartus/../ip/altera/nios2_ip/altera_nios2_gen2/nios_lib -I C:/altera_lite/16.0/quartus/../ip/altera/nios2_ip/altera_nios2_gen2 -I C:/altera_lite/16.0/quartus/../ip/altera/nios2_ip/altera_nios2_gen2 -- C:/altera_lite/16.0/quartus/../ip/altera/nios2_ip/altera_nios2_gen2/generate_rtl.epl --name=sopc_CPU_cpu --dir=C:/Users/ELIZAB~1/AppData/Local/Temp/alt7074_2354555439035727132.dir/0009_cpu_gen/ --quartus_bindir=C:/altera_lite/16.0/quartus/bin64/ --verilog --config=C:/Users/ELIZAB~1/AppData/Local/Temp/alt7074_2354555439035727132.dir/0009_cpu_gen//sopc_CPU_cpu_processor_configuration.pl  --do_build_sim=0  ]
Info: cpu: # 2016.09.30 16:51:33 (*) Starting Nios II generation
Info: cpu: # 2016.09.30 16:51:33 (*)   Checking for plaintext license.
Info: cpu: # 2016.09.30 16:51:34 (*)   Couldn't query license setup in Quartus directory C:/altera_lite/16.0/quartus/bin64/
Info: cpu: # 2016.09.30 16:51:34 (*)   Defaulting to contents of LM_LICENSE_FILE environment variable
Info: cpu: # 2016.09.30 16:51:34 (*)   LM_LICENSE_FILE environment variable is empty
Info: cpu: # 2016.09.30 16:51:34 (*)   Plaintext license not found.
Info: cpu: # 2016.09.30 16:51:34 (*)   Checking for encrypted license (non-evaluation).
Info: cpu: # 2016.09.30 16:51:35 (*)   Couldn't query license setup in Quartus directory C:/altera_lite/16.0/quartus/bin64/
Info: cpu: # 2016.09.30 16:51:35 (*)   Defaulting to contents of LM_LICENSE_FILE environment variable
Info: cpu: # 2016.09.30 16:51:35 (*)   LM_LICENSE_FILE environment variable is empty
Info: cpu: # 2016.09.30 16:51:35 (*)   Encrypted license not found.  Defaulting to OCP evaluation license (produces a time-limited SOF)
Info: cpu: # 2016.09.30 16:51:35 (*)   Elaborating CPU configuration settings
Info: cpu: # 2016.09.30 16:51:35 (*)   Creating all objects for CPU
Info: cpu: # 2016.09.30 16:51:35 (*)     Testbench
Info: cpu: # 2016.09.30 16:51:36 (*)     Instruction decoding
Info: cpu: # 2016.09.30 16:51:36 (*)       Instruction fields
Info: cpu: # 2016.09.30 16:51:36 (*)       Instruction decodes
Info: cpu: # 2016.09.30 16:51:38 (*)       Signals for RTL simulation waveforms
Info: cpu: # 2016.09.30 16:51:38 (*)       Instruction controls
Info: cpu: # 2016.09.30 16:51:38 (*)     Pipeline frontend
Info: cpu: # 2016.09.30 16:51:38 (*)     Pipeline backend
Info: cpu: # 2016.09.30 16:51:45 (*)   Generating RTL from CPU objects
Info: cpu: # 2016.09.30 16:51:49 (*)   Creating encrypted RTL
Info: cpu: # 2016.09.30 16:51:51 (*) Done Nios II generation
Info: cpu: Done RTL generation for module 'sopc_CPU_cpu'
Info: cpu: "CPU" instantiated altera_nios2_gen2_unit "cpu"
Info: CPU_data_master_translator: "mm_interconnect_0" instantiated altera_merlin_master_translator "CPU_data_master_translator"
Info: jtag_uart_avalon_jtag_slave_translator: "mm_interconnect_0" instantiated altera_merlin_slave_translator "jtag_uart_avalon_jtag_slave_translator"
Info: CPU_data_master_agent: "mm_interconnect_0" instantiated altera_merlin_master_agent "CPU_data_master_agent"
Info: jtag_uart_avalon_jtag_slave_agent: "mm_interconnect_0" instantiated altera_merlin_slave_agent "jtag_uart_avalon_jtag_slave_agent"
Info: jtag_uart_avalon_jtag_slave_agent_rsp_fifo: "mm_interconnect_0" instantiated altera_avalon_sc_fifo "jtag_uart_avalon_jtag_slave_agent_rsp_fifo"
Info: router: "mm_interconnect_0" instantiated altera_merlin_router "router"
Info: router_001: "mm_interconnect_0" instantiated altera_merlin_router "router_001"
Info: router_002: "mm_interconnect_0" instantiated altera_merlin_router "router_002"
Info: router_004: "mm_interconnect_0" instantiated altera_merlin_router "router_004"
Info: router_006: "mm_interconnect_0" instantiated altera_merlin_router "router_006"
Info: CPU_data_master_limiter: "mm_interconnect_0" instantiated altera_merlin_traffic_limiter "CPU_data_master_limiter"
Info: Reusing file C:/altera_lite/16.0/BPROJECT/sopc/synthesis/submodules/altera_avalon_sc_fifo.v
Info: SDRAM_controller_s1_burst_adapter: "mm_interconnect_0" instantiated altera_merlin_burst_adapter "SDRAM_controller_s1_burst_adapter"
Info: Reusing file C:/altera_lite/16.0/BPROJECT/sopc/synthesis/submodules/altera_avalon_st_pipeline_base.v
Info: cmd_demux: "mm_interconnect_0" instantiated altera_merlin_demultiplexer "cmd_demux"
Info: cmd_demux_001: "mm_interconnect_0" instantiated altera_merlin_demultiplexer "cmd_demux_001"
Info: cmd_mux: "mm_interconnect_0" instantiated altera_merlin_multiplexer "cmd_mux"
Info: cmd_mux_002: "mm_interconnect_0" instantiated altera_merlin_multiplexer "cmd_mux_002"
Info: Reusing file C:/altera_lite/16.0/BPROJECT/sopc/synthesis/submodules/altera_merlin_arbitrator.sv
Info: rsp_demux: "mm_interconnect_0" instantiated altera_merlin_demultiplexer "rsp_demux"
Info: rsp_demux_002: "mm_interconnect_0" instantiated altera_merlin_demultiplexer "rsp_demux_002"
Info: rsp_mux: "mm_interconnect_0" instantiated altera_merlin_multiplexer "rsp_mux"
Info: Reusing file C:/altera_lite/16.0/BPROJECT/sopc/synthesis/submodules/altera_merlin_arbitrator.sv
Info: rsp_mux_001: "mm_interconnect_0" instantiated altera_merlin_multiplexer "rsp_mux_001"
Info: Reusing file C:/altera_lite/16.0/BPROJECT/sopc/synthesis/submodules/altera_merlin_arbitrator.sv
Info: SDRAM_controller_s1_rsp_width_adapter: "mm_interconnect_0" instantiated altera_merlin_width_adapter "SDRAM_controller_s1_rsp_width_adapter"
Info: Reusing file C:/altera_lite/16.0/BPROJECT/sopc/synthesis/submodules/altera_merlin_address_alignment.sv
Info: Reusing file C:/altera_lite/16.0/BPROJECT/sopc/synthesis/submodules/altera_merlin_burst_uncompressor.sv
Info: crosser: "mm_interconnect_0" instantiated altera_avalon_st_handshake_clock_crosser "crosser"
Info: Reusing file C:/altera_lite/16.0/BPROJECT/sopc/synthesis/submodules/altera_avalon_st_pipeline_base.v
Info: avalon_st_adapter: "mm_interconnect_0" instantiated altera_avalon_st_adapter "avalon_st_adapter"
Info: avalon_st_adapter_004: "mm_interconnect_0" instantiated altera_avalon_st_adapter "avalon_st_adapter_004"
Info: error_adapter_0: "avalon_st_adapter" instantiated error_adapter "error_adapter_0"
Info: error_adapter_0: "avalon_st_adapter_004" instantiated error_adapter "error_adapter_0"
Info: sopc: Done "sopc" with 37 modules, 69 files
Info: qsys-generate succeeded.
Info: Finished: Create HDL design files for synthesis
