EDA Netlist Writer report for Lab1B
Fri Sep 30 17:21:18 2016
Quartus Prime Version 16.0.0 Build 211 04/27/2016 SJ Lite Edition


---------------------
; Table of Contents ;
---------------------
  1. Legal Notice
  2. EDA Netlist Writer Summary
  3. EDA Netlist Writer Messages



----------------
; Legal Notice ;
----------------
Copyright (C) 1991-2016 Altera Corporation. All rights reserved.
Your use of Altera Corporation's design tools, logic functions 
and other software and tools, and its AMPP partner logic 
functions, and any output files from any of the foregoing 
(including device programming or simulation files), and any 
associated documentation or information are expressly subject 
to the terms and conditions of the Altera Program License 
Subscription Agreement, the Altera Quartus Prime License Agreement,
the Altera MegaCore Function License Agreement, or other 
applicable license agreement, including, without limitation, 
that your use is for the sole purpose of programming logic 
devices manufactured by Altera and sold by Altera or its 
authorized distributors.  Please refer to the applicable 
agreement for further details.



+---------------------------------------------------------------+
; EDA Netlist Writer Summary                                    ;
+---------------------------+-----------------------------------+
; EDA Netlist Writer Status ; Failed - Fri Sep 30 17:21:18 2016 ;
; Revision Name             ; Lab1B                             ;
; Top-level Entity Name     ; Lab1B                             ;
; Family                    ; Cyclone IV E                      ;
+---------------------------+-----------------------------------+


+-----------------------------+
; EDA Netlist Writer Messages ;
+-----------------------------+
Info: *******************************************************************
Info: Running Quartus Prime EDA Netlist Writer
    Info: Version 16.0.0 Build 211 04/27/2016 SJ Lite Edition
    Info: Processing started: Fri Sep 30 17:21:14 2016
Info: Command: quartus_eda --read_settings_files=off --write_settings_files=off Lab1B -c Lab1B
Warning (18236): Number of processors has not been specified which may cause overloading on shared machines.  Set the global assignment NUM_PARALLEL_PROCESSORS in your QSF to an appropriate value for best performance.
Error (204012): Can't generate netlist output files because the file "c:/altera_lite/16.0/bproject/db/ip/sopc/submodules/sopc_cpu_cpu.v" is an OpenCore Plus time-limited file. Remove the unlicensed cores or obtain a license for those OpenCore Plus time-limited IP cores used in the design. The Altera Knowledge Database contains many articles with specific details on how to resolve this error. Visit the Knowledge Database at https://www.altera.com/support/support-resources/knowledge-base/search.html and search for this specific error message number.
Error (204009): Can't generate netlist output files because the license for encrypted file "c:/altera_lite/16.0/bproject/db/ip/sopc/submodules/sopc_cpu_cpu.v" is not available
Error (204012): Can't generate netlist output files because the file "c:/altera_lite/16.0/bproject/db/ip/sopc/submodules/sopc_cpu_cpu.v" is an OpenCore Plus time-limited file. Remove the unlicensed cores or obtain a license for those OpenCore Plus time-limited IP cores used in the design. The Altera Knowledge Database contains many articles with specific details on how to resolve this error. Visit the Knowledge Database at https://www.altera.com/support/support-resources/knowledge-base/search.html and search for this specific error message number.
Error (204009): Can't generate netlist output files because the license for encrypted file "c:/altera_lite/16.0/bproject/db/ip/sopc/submodules/sopc_cpu_cpu.v" is not available
Error (204012): Can't generate netlist output files because the file "c:/altera_lite/16.0/bproject/db/ip/sopc/submodules/sopc_cpu_cpu.v" is an OpenCore Plus time-limited file. Remove the unlicensed cores or obtain a license for those OpenCore Plus time-limited IP cores used in the design. The Altera Knowledge Database contains many articles with specific details on how to resolve this error. Visit the Knowledge Database at https://www.altera.com/support/support-resources/knowledge-base/search.html and search for this specific error message number.
Error (204009): Can't generate netlist output files because the license for encrypted file "c:/altera_lite/16.0/bproject/db/ip/sopc/submodules/sopc_cpu_cpu.v" is not available
Error: Quartus Prime EDA Netlist Writer was unsuccessful. 6 errors, 1 warning
    Error: Peak virtual memory: 778 megabytes
    Error: Processing ended: Fri Sep 30 17:21:19 2016
    Error: Elapsed time: 00:00:05
    Error: Total CPU time (on all processors): 00:00:05


